{"level":"error","message":"Loading mods: Error: ENOENT: no such file or directory, scandir 'C:\\Users\\flomu\\dbs\\BotFiles\\mods'","service":"user-service"}
{"level":"error","message":"Bot login: Error [TOKEN_INVALID]: An invalid token was provided.","service":"user-service"}
{"level":"error","message":"Loading mods: Error: ENOENT: no such file or directory, scandir 'C:\\Users\\flomu\\dbs\\BotFiles\\mods'","service":"user-service"}
{"level":"error","message":"Loading mods: Error: ENOENT: no such file or directory, scandir 'C:\\Users\\flomu\\dbs\\BotFiles\\mods'","service":"user-service"}
{"level":"error","message":"Loading mods: Error: ENOENT: no such file or directory, scandir 'C:\\Users\\Nutzer\\Documents\\Leitstelle\\BotFiles\\mods'","service":"user-service"}
{"level":"error","message":"Call next action: [ help] TypeError: Cannot read property 'type' of undefined\n    at Object.DBS.callNextAction (C:\\Users\\Nutzer\\Documents\\Leitstelle\\BotFiles\\bot.js:127:20)\n    at Object.module.exports.Message_Handle (C:\\Users\\Nutzer\\Documents\\Leitstelle\\BotFiles\\Handlers\\Message.js:33:9)\n    at processTicksAndRejections (internal/process/task_queues.js:93:5)","service":"user-service"}
{"level":"error","message":"Loading mods: Error: ENOENT: no such file or directory, scandir 'C:\\Users\\Nutzer\\Documents\\Leitstelle\\BotFiles\\mods'","service":"user-service"}
{"level":"error","message":"Call next action: [ hilfe] TypeError: Cannot read property 'type' of undefined\n    at Object.DBS.callNextAction (C:\\Users\\Nutzer\\Documents\\Leitstelle\\BotFiles\\bot.js:127:20)\n    at Object.module.exports.Message_Handle (C:\\Users\\Nutzer\\Documents\\Leitstelle\\BotFiles\\Handlers\\Message.js:33:9)\n    at processTicksAndRejections (internal/process/task_queues.js:93:5)","service":"user-service"}
{"level":"error","message":"Loading mods: Error: ENOENT: no such file or directory, scandir 'C:\\Users\\Nutzer\\Documents\\Leitstelle\\BotFiles\\mods'","service":"user-service"}
{"level":"error","message":"Call next action: [ hilfe] TypeError: Cannot read property 'type' of undefined\n    at Object.DBS.callNextAction (C:\\Users\\Nutzer\\Documents\\Leitstelle\\BotFiles\\bot.js:127:20)\n    at Object.module.exports.Message_Handle (C:\\Users\\Nutzer\\Documents\\Leitstelle\\BotFiles\\Handlers\\Message.js:33:9)\n    at processTicksAndRejections (internal/process/task_queues.js:93:5)","service":"user-service"}
{"level":"error","message":"Loading mods: Error: ENOENT: no such file or directory, scandir 'C:\\Users\\Nutzer\\Documents\\Leitstelle\\BotFiles\\mods'","service":"user-service"}
{"level":"error","message":"Loading mods: Error: ENOENT: no such file or directory, scandir 'C:\\Users\\Nutzer\\Documents\\Leitstelle\\BotFiles\\mods'","service":"user-service"}
{"level":"error","message":"Loading mods: Error: ENOENT: no such file or directory, scandir 'C:\\Users\\Nutzer\\Documents\\Leitstelle\\BotFiles\\mods'","service":"user-service"}
{"level":"error","message":"Loading mods: Error: ENOENT: no such file or directory, scandir 'C:\\Users\\Nutzer\\Documents\\Leitstelle\\BotFiles\\mods'","service":"user-service"}
{"level":"error","message":"Loading mods: Error: ENOENT: no such file or directory, scandir 'C:\\Users\\Nutzer\\Documents\\Leitstelle\\BotFiles\\mods'","service":"user-service"}
{"level":"error","message":"Loading mods: Error: ENOENT: no such file or directory, scandir 'C:\\Users\\Nutzer\\Documents\\Leitstelle\\BotFiles\\mods'","service":"user-service"}
{"level":"error","message":"Loading mods: Error: ENOENT: no such file or directory, scandir 'C:\\Users\\Nutzer\\Documents\\Leitstelle\\BotFiles\\mods'","service":"user-service"}
{"level":"error","message":"Loading mods: Error: ENOENT: no such file or directory, scandir 'C:\\Users\\Nutzer\\Documents\\Leitstelle\\BotFiles\\mods'","service":"user-service"}
{"level":"error","message":"Loading mods: Error: ENOENT: no such file or directory, scandir 'C:\\Users\\Nutzer\\Documents\\Leitstelle\\BotFiles\\mods'","service":"user-service"}
{"level":"error","message":"Call next action: [ hilfe] TypeError: Cannot read property 'type' of undefined\n    at Object.DBS.callNextAction (C:\\Users\\Nutzer\\Documents\\Leitstelle\\BotFiles\\bot.js:127:20)\n    at Object.module.exports.Message_Handle (C:\\Users\\Nutzer\\Documents\\Leitstelle\\BotFiles\\Handlers\\Message.js:33:9)\n    at processTicksAndRejections (internal/process/task_queues.js:93:5)","service":"user-service"}
{"level":"error","message":"Loading mods: Error: ENOENT: no such file or directory, scandir 'C:\\Users\\Nutzer\\Documents\\Leitstelle\\BotFiles\\mods'","service":"user-service"}
{"level":"error","message":"Loading mods: Error: ENOENT: no such file or directory, scandir 'C:\\Users\\Nutzer\\Documents\\Leitstelle\\BotFiles\\mods'","service":"user-service"}
{"level":"error","message":"Loading mods: Error: ENOENT: no such file or directory, scandir 'C:\\Users\\Nutzer\\Documents\\Leitstelle\\BotFiles\\mods'","service":"user-service"}
{"level":"error","message":"Loading mods: Error: ENOENT: no such file or directory, scandir 'C:\\Users\\Nutzer\\Documents\\Leitstelle\\BotFiles\\mods'","service":"user-service"}
{"level":"error","message":"Loading mods: Error: ENOENT: no such file or directory, scandir 'C:\\Users\\Nutzer\\Documents\\Leitstelle\\BotFiles\\mods'","service":"user-service"}
{"level":"error","message":"Loading mods: Error: ENOENT: no such file or directory, scandir 'C:\\Users\\Nutzer\\Documents\\Leitstelle\\BotFiles\\mods'","service":"user-service"}
{"level":"error","message":"Loading mods: Error: ENOENT: no such file or directory, scandir 'C:\\Users\\Nutzer\\Documents\\Leitstelle\\BotFiles\\mods'","service":"user-service"}
{"level":"error","message":"Call next action: [switz] TypeError: Cannot read property 'type' of undefined\n    at Object.DBS.callNextAction (C:\\Users\\Nutzer\\Documents\\Leitstelle\\BotFiles\\bot.js:127:20)\n    at Object.module.exports.Message_Handle (C:\\Users\\Nutzer\\Documents\\Leitstelle\\BotFiles\\Handlers\\Message.js:33:9)","service":"user-service"}
{"level":"error","message":"Call next action: [switz] TypeError: Cannot read property 'type' of undefined\n    at Object.DBS.callNextAction (C:\\Users\\Nutzer\\Documents\\Leitstelle\\BotFiles\\bot.js:127:20)\n    at Object.module.exports.Message_Handle (C:\\Users\\Nutzer\\Documents\\Leitstelle\\BotFiles\\Handlers\\Message.js:33:9)\n    at processTicksAndRejections (internal/process/task_queues.js:93:5)","service":"user-service"}
{"level":"error","message":"Call next action: [switz] TypeError: Cannot read property 'type' of undefined\n    at Object.DBS.callNextAction (C:\\Users\\Nutzer\\Documents\\Leitstelle\\BotFiles\\bot.js:127:20)\n    at Object.module.exports.Message_Handle (C:\\Users\\Nutzer\\Documents\\Leitstelle\\BotFiles\\Handlers\\Message.js:33:9)","service":"user-service"}
{"level":"error","message":"Call next action: [switz] TypeError: Cannot read property 'type' of undefined\n    at Object.DBS.callNextAction (C:\\Users\\Nutzer\\Documents\\Leitstelle\\BotFiles\\bot.js:127:20)\n    at Object.module.exports.Message_Handle (C:\\Users\\Nutzer\\Documents\\Leitstelle\\BotFiles\\Handlers\\Message.js:33:9)\n    at processTicksAndRejections (internal/process/task_queues.js:93:5)","service":"user-service"}
{"level":"error","message":"Call next action: [switz] TypeError: Cannot read property 'type' of undefined\n    at Object.DBS.callNextAction (C:\\Users\\Nutzer\\Documents\\Leitstelle\\BotFiles\\bot.js:127:20)\n    at Object.module.exports.Message_Handle (C:\\Users\\Nutzer\\Documents\\Leitstelle\\BotFiles\\Handlers\\Message.js:33:9)","service":"user-service"}
{"level":"error","message":"Call next action: [switz] TypeError: Cannot read property 'type' of undefined\n    at Object.DBS.callNextAction (C:\\Users\\Nutzer\\Documents\\Leitstelle\\BotFiles\\bot.js:127:20)\n    at Object.module.exports.Message_Handle (C:\\Users\\Nutzer\\Documents\\Leitstelle\\BotFiles\\Handlers\\Message.js:33:9)\n    at processTicksAndRejections (internal/process/task_queues.js:93:5)","service":"user-service"}
{"level":"error","message":"Call next action: [switz] TypeError: Cannot read property 'type' of undefined\n    at Object.DBS.callNextAction (C:\\Users\\Nutzer\\Documents\\Leitstelle\\BotFiles\\bot.js:127:20)\n    at Object.module.exports.Message_Handle (C:\\Users\\Nutzer\\Documents\\Leitstelle\\BotFiles\\Handlers\\Message.js:33:9)","service":"user-service"}
{"level":"error","message":"Call next action: [switz] TypeError: Cannot read property 'type' of undefined\n    at Object.DBS.callNextAction (C:\\Users\\Nutzer\\Documents\\Leitstelle\\BotFiles\\bot.js:127:20)\n    at Object.module.exports.Message_Handle (C:\\Users\\Nutzer\\Documents\\Leitstelle\\BotFiles\\Handlers\\Message.js:33:9)\n    at processTicksAndRejections (internal/process/task_queues.js:93:5)","service":"user-service"}
{"level":"error","message":"Call next action: [switz] TypeError: Cannot read property 'type' of undefined\n    at Object.DBS.callNextAction (C:\\Users\\Nutzer\\Documents\\Leitstelle\\BotFiles\\bot.js:127:20)\n    at Object.module.exports.Message_Handle (C:\\Users\\Nutzer\\Documents\\Leitstelle\\BotFiles\\Handlers\\Message.js:33:9)","service":"user-service"}
{"level":"error","message":"Call next action: [switz] TypeError: Cannot read property 'type' of undefined\n    at Object.DBS.callNextAction (C:\\Users\\Nutzer\\Documents\\Leitstelle\\BotFiles\\bot.js:127:20)\n    at Object.module.exports.Message_Handle (C:\\Users\\Nutzer\\Documents\\Leitstelle\\BotFiles\\Handlers\\Message.js:33:9)\n    at processTicksAndRejections (internal/process/task_queues.js:93:5)","service":"user-service"}
{"level":"error","message":"Call next action: [switz] TypeError: Cannot read property 'type' of undefined\n    at Object.DBS.callNextAction (C:\\Users\\Nutzer\\Documents\\Leitstelle\\BotFiles\\bot.js:127:20)\n    at Object.module.exports.Message_Handle (C:\\Users\\Nutzer\\Documents\\Leitstelle\\BotFiles\\Handlers\\Message.js:33:9)","service":"user-service"}
{"level":"error","message":"Call next action: [switz] TypeError: Cannot read property 'type' of undefined\n    at Object.DBS.callNextAction (C:\\Users\\Nutzer\\Documents\\Leitstelle\\BotFiles\\bot.js:127:20)\n    at Object.module.exports.Message_Handle (C:\\Users\\Nutzer\\Documents\\Leitstelle\\BotFiles\\Handlers\\Message.js:33:9)\n    at processTicksAndRejections (internal/process/task_queues.js:93:5)","service":"user-service"}
{"level":"error","message":"Loading mods: Error: ENOENT: no such file or directory, scandir 'C:\\Users\\Nutzer\\Documents\\Leitstelle\\BotFiles\\mods'","service":"user-service"}
{"level":"error","message":"Call next action: [switz] TypeError: Cannot read property 'type' of undefined\n    at Object.DBS.callNextAction (C:\\Users\\Nutzer\\Documents\\Leitstelle\\BotFiles\\bot.js:127:20)\n    at Object.module.exports.Message_Handle (C:\\Users\\Nutzer\\Documents\\Leitstelle\\BotFiles\\Handlers\\Message.js:33:9)","service":"user-service"}
{"level":"error","message":"Call next action: [switz] TypeError: Cannot read property 'type' of undefined\n    at Object.DBS.callNextAction (C:\\Users\\Nutzer\\Documents\\Leitstelle\\BotFiles\\bot.js:127:20)\n    at Object.module.exports.Message_Handle (C:\\Users\\Nutzer\\Documents\\Leitstelle\\BotFiles\\Handlers\\Message.js:33:9)\n    at processTicksAndRejections (internal/process/task_queues.js:93:5)","service":"user-service"}
{"level":"error","message":"Call next action: [switz] TypeError: Cannot read property 'type' of undefined\n    at Object.DBS.callNextAction (C:\\Users\\Nutzer\\Documents\\Leitstelle\\BotFiles\\bot.js:127:20)\n    at Object.module.exports.Message_Handle (C:\\Users\\Nutzer\\Documents\\Leitstelle\\BotFiles\\Handlers\\Message.js:33:9)","service":"user-service"}
{"level":"error","message":"Call next action: [switz] TypeError: Cannot read property 'type' of undefined\n    at Object.DBS.callNextAction (C:\\Users\\Nutzer\\Documents\\Leitstelle\\BotFiles\\bot.js:127:20)\n    at Object.module.exports.Message_Handle (C:\\Users\\Nutzer\\Documents\\Leitstelle\\BotFiles\\Handlers\\Message.js:33:9)\n    at processTicksAndRejections (internal/process/task_queues.js:93:5)","service":"user-service"}
{"level":"error","message":"Call next action: [switz] TypeError: Cannot read property 'type' of undefined\n    at Object.DBS.callNextAction (C:\\Users\\Nutzer\\Documents\\Leitstelle\\BotFiles\\bot.js:127:20)\n    at Object.module.exports.Message_Handle (C:\\Users\\Nutzer\\Documents\\Leitstelle\\BotFiles\\Handlers\\Message.js:33:9)","service":"user-service"}
{"level":"error","message":"Call next action: [switz] TypeError: Cannot read property 'type' of undefined\n    at Object.DBS.callNextAction (C:\\Users\\Nutzer\\Documents\\Leitstelle\\BotFiles\\bot.js:127:20)\n    at Object.module.exports.Message_Handle (C:\\Users\\Nutzer\\Documents\\Leitstelle\\BotFiles\\Handlers\\Message.js:33:9)","service":"user-service"}
{"level":"error","message":"Call next action: [switz] TypeError: Cannot read property 'type' of undefined\n    at Object.DBS.callNextAction (C:\\Users\\Nutzer\\Documents\\Leitstelle\\BotFiles\\bot.js:127:20)\n    at Object.module.exports.Message_Handle (C:\\Users\\Nutzer\\Documents\\Leitstelle\\BotFiles\\Handlers\\Message.js:33:9)\n    at processTicksAndRejections (internal/process/task_queues.js:93:5)","service":"user-service"}
{"level":"error","message":"Call next action: [switz] TypeError: Cannot read property 'type' of undefined\n    at Object.DBS.callNextAction (C:\\Users\\Nutzer\\Documents\\Leitstelle\\BotFiles\\bot.js:127:20)\n    at Object.module.exports.Message_Handle (C:\\Users\\Nutzer\\Documents\\Leitstelle\\BotFiles\\Handlers\\Message.js:33:9)\n    at processTicksAndRejections (internal/process/task_queues.js:93:5)","service":"user-service"}
{"level":"error","message":"Loading mods: Error: ENOENT: no such file or directory, scandir 'C:\\Users\\Nutzer\\Documents\\Leitstelle\\BotFiles\\mods'","service":"user-service"}
{"level":"error","message":"Call next action: [switz] TypeError: Cannot read property 'type' of undefined\n    at Object.DBS.callNextAction (C:\\Users\\Nutzer\\Documents\\Leitstelle\\BotFiles\\bot.js:127:20)\n    at Object.module.exports.Message_Handle (C:\\Users\\Nutzer\\Documents\\Leitstelle\\BotFiles\\Handlers\\Message.js:33:9)","service":"user-service"}
{"level":"error","message":"Call next action: [switz] TypeError: Cannot read property 'type' of undefined\n    at Object.DBS.callNextAction (C:\\Users\\Nutzer\\Documents\\Leitstelle\\BotFiles\\bot.js:127:20)\n    at Object.module.exports.Message_Handle (C:\\Users\\Nutzer\\Documents\\Leitstelle\\BotFiles\\Handlers\\Message.js:33:9)\n    at processTicksAndRejections (internal/process/task_queues.js:93:5)","service":"user-service"}
{"level":"error","message":"Call next action: [switz] TypeError: Cannot read property 'type' of undefined\n    at Object.DBS.callNextAction (C:\\Users\\Nutzer\\Documents\\Leitstelle\\BotFiles\\bot.js:127:20)\n    at Object.module.exports.Message_Handle (C:\\Users\\Nutzer\\Documents\\Leitstelle\\BotFiles\\Handlers\\Message.js:33:9)","service":"user-service"}
{"level":"error","message":"Call next action: [switz] TypeError: Cannot read property 'type' of undefined\n    at Object.DBS.callNextAction (C:\\Users\\Nutzer\\Documents\\Leitstelle\\BotFiles\\bot.js:127:20)\n    at Object.module.exports.Message_Handle (C:\\Users\\Nutzer\\Documents\\Leitstelle\\BotFiles\\Handlers\\Message.js:33:9)\n    at processTicksAndRejections (internal/process/task_queues.js:93:5)","service":"user-service"}
{"level":"error","message":"Call next action: [switz] TypeError: Cannot read property 'type' of undefined\n    at Object.DBS.callNextAction (C:\\Users\\Nutzer\\Documents\\Leitstelle\\BotFiles\\bot.js:127:20)\n    at Object.module.exports.Message_Handle (C:\\Users\\Nutzer\\Documents\\Leitstelle\\BotFiles\\Handlers\\Message.js:33:9)","service":"user-service"}
{"level":"error","message":"Call next action: [switz] TypeError: Cannot read property 'type' of undefined\n    at Object.DBS.callNextAction (C:\\Users\\Nutzer\\Documents\\Leitstelle\\BotFiles\\bot.js:127:20)\n    at Object.module.exports.Message_Handle (C:\\Users\\Nutzer\\Documents\\Leitstelle\\BotFiles\\Handlers\\Message.js:33:9)\n    at processTicksAndRejections (internal/process/task_queues.js:93:5)","service":"user-service"}
{"level":"error","message":"Call next action: [switz] TypeError: Cannot read property 'type' of undefined\n    at Object.DBS.callNextAction (C:\\Users\\Nutzer\\Documents\\Leitstelle\\BotFiles\\bot.js:127:20)\n    at Object.module.exports.Message_Handle (C:\\Users\\Nutzer\\Documents\\Leitstelle\\BotFiles\\Handlers\\Message.js:33:9)","service":"user-service"}
{"level":"error","message":"Call next action: [switz] TypeError: Cannot read property 'type' of undefined\n    at Object.DBS.callNextAction (C:\\Users\\Nutzer\\Documents\\Leitstelle\\BotFiles\\bot.js:127:20)\n    at Object.module.exports.Message_Handle (C:\\Users\\Nutzer\\Documents\\Leitstelle\\BotFiles\\Handlers\\Message.js:33:9)\n    at processTicksAndRejections (internal/process/task_queues.js:93:5)","service":"user-service"}
{"level":"error","message":"Loading mods: Error: ENOENT: no such file or directory, scandir 'C:\\Users\\Nutzer\\Documents\\Leitstelle\\BotFiles\\mods'","service":"user-service"}
